2025-07-22 17:35:09,770 - __main__ - ИНФО - 🎯 Запуск главного процесса бота на Windows
2025-07-22 17:35:09,770 - __main__ - ИНФО - 📄 Файл лога: bot.log
2025-07-22 17:35:09,774 - app.bot - ИНФО - ✅ Redis подключен успешно
2025-07-22 17:35:10,437 - app.bot - ИНФО - 🚀 Бот запущен на Windows и готов к работе
2025-07-22 17:35:10,437 - app.bot - ИНФО - 📄 Файл лога: bot.log
2025-07-22 17:35:10,573 - app.bot - ИНФО - Админ-панель отправлена в группу -1002392016711
2025-07-22 17:35:10,573 - app.bot - ИНФО - 📡 Запуск поллинга...
2025-07-22 17:35:19,223 - app.handlers - ИНФО - 👤 Пользователь Игнат (ID: 1602581828) начал регистрацию
2025-07-22 17:35:24,617 - app.handlers - ИНФО - 🏙️ Пользователь Игнат ввел город: Jdndndnx
2025-07-22 17:35:27,623 - app.handlers - ИНФО - 📍 Пользователь Игнат ввел адрес: Xnxnnxjx
2025-07-22 17:35:32,183 - app.handlers - ИНФО - 📸 Первое фото сохранено: c:\Users\G\PycharmProjects\Bot __v.1.7 betta_много_кнопок\app\photos\29758dd5-4681-4430-8711-3ec123b07bb2.jpg
2025-07-22 17:35:37,838 - app.handlers - ИНФО - 📸 Второе фото сохранено: c:\Users\G\PycharmProjects\Bot __v.1.7 betta_много_кнопок\app\photos\8a5e023a-c61a-40b6-a138-dd952b59cc54.jpg
2025-07-22 17:35:40,289 - app.database - ИНФО - Заявка 8742 сохранена в БД с фото: 
2025-07-22 17:35:40,298 - app.database - ИНФО - Заявка 8742 сохранена в БД с фото: 
2025-07-22 17:35:40,443 - app.handlers - ИНФО - 📝 Заявка от Игнат создана с городом: Jdndndnx, адресом: Xnxnnxjx
2025-07-22 17:36:04,100 - app.handlers - ИНФО - 👤 Пользователь Катя 2 (ID: 8109986113) начал замену оборудования
2025-07-22 17:36:07,562 - app.handlers - ИНФО - 👤 Пользователь Катя 2 выбрал замену OPS
2025-07-22 17:36:10,522 - app.handlers - ИНФО - 🏙️ Пользователь Катя 2 ввел город для замены OPS: Skdkdkd
2025-07-22 17:36:14,944 - app.handlers - ИНФО - 📍 Пользователь Катя 2 ввел адрес для замены OPS: Dkdjnc
2025-07-22 17:36:23,046 - app.database - ИНФО - Заявка 8748 сохранена в БД с фото: 
2025-07-22 17:36:23,053 - app.database - ИНФО - Заявка 8748 сохранена в БД с фото: 
2025-07-22 17:36:23,153 - app.handlers - ИНФО - 📝 Заявка на замену OPS от Катя 2 создана с адресом: Dkdjnc
2025-07-22 17:36:43,704 - app.handlers - ИНФО - 📤 Заявка от Игнат отправлена инженерам с адресом: Xnxnnxjx, GiD: XnxnnxjxXnxnnxjxXnxnnxjxXnxnnxjx, тип: обычная регистрация
2025-07-22 17:36:43,978 - app.database - ИНФО - Заявка 8742 сохранена в БД с фото: 
2025-07-22 17:36:43,986 - app.database - ИНФО - GiD заявки 8742 обновлен: XnxnnxjxXnxnnxjxXnxnnxjxXnxnnxjx
2025-07-22 17:36:43,989 - app.database - ИНФО - GiD заявки 8742 обновлен: XnxnnxjxXnxnnxjxXnxnnxjxXnxnnxjx
2025-07-22 17:36:53,720 - app.handlers - ИНФО - 📤 Заявка от Катя 2 отправлена инженерам с адресом: Dkdjnc, GiD: DkdjncDkdjncDkdjncDkdjnc, тип: OPS
2025-07-22 17:36:53,860 - app.database - ИНФО - Заявка 8748 сохранена в БД с фото: 
2025-07-22 17:36:53,868 - app.database - ИНФО - GiD заявки 8748 обновлен: DkdjncDkdjncDkdjncDkdjnc
2025-07-22 17:36:53,871 - app.database - ИНФО - GiD заявки 8748 обновлен: DkdjncDkdjncDkdjncDkdjnc
2025-07-22 17:37:03,801 - app.handlers - ИНФО - 📸 Финальное фото замены OPS от Катя 2 отправлено с адресом: Dkdjnc, GiD: DkdjncDkdjncDkdjncDkdjnc
2025-07-22 17:37:08,718 - app.redis_client - ИНФО - Заявка 8748 помечена как завершенная
2025-07-22 17:37:08,719 - app.database - ИНФО - Статус заявки 639 обновлен на completed
2025-07-22 17:37:08,727 - app.database - ИНФО - Статус заявки 8748 обновлен на completed
2025-07-22 17:37:09,077 - app.handlers - ИНФО - Заявка 639 принята модератором Игнат
2025-07-22 17:37:26,875 - app.handlers - ИНФО - БД обновлена: 8742 -> 8767
2025-07-22 17:38:22,354 - app.handlers - ИНФО - 📸 Финальное фото от Игнат отправлено с адресом: Xnxnnxjx, GiD: XnxnnxjxXnxnnxjxXnxnnxjxXnxnnxjx
2025-07-22 17:38:27,039 - app.database - ИНФО - Статус заявки 643 обновлен на completed
2025-07-22 17:38:27,047 - app.database - ИНФО - Статус заявки 8767 обновлен на completed
2025-07-22 17:38:27,419 - app.handlers - ИНФО - Заявка 643 принята модератором Игнат
